<?xml version="1.0" encoding="UTF-8"?>
<robot generator="Robot 6.1.1 (Python 3.12.0 on darwin)" generated="20231205 23:50:58.353" rpa="false" schemaversion="4">
<suite id="s1" name="Suites" source="/Users/yudha/Documents/Belajar/QA/Bootcamp/Sanbercode/Quiz-Week4/BootcampQA-Sanbercode51/suites">
<suite id="s1-s1" name="Book" source="/Users/yudha/Documents/Belajar/QA/Bootcamp/Sanbercode/Quiz-Week4/BootcampQA-Sanbercode51/suites/book.robot">
<test id="s1-s1-t1" name="Booking One Way Flight" line="15">
<kw name="Open Flight Application" library="base">
<kw name="Open Application" library="AppiumLibrary">
<arg>remote_url=${REMORT_URL}</arg>
<arg>platformName=${PLATFORM_NAME}</arg>
<arg>platformVersion=${PLATFORM_VERSION}</arg>
<arg>deviceName=${DEVICE_NAME}</arg>
<arg>appPackage=${APP_PACKAGE}</arg>
<arg>appActivity=${APP_ACTIVITY}</arg>
<doc>Opens a new application to given Appium server.
Capabilities of appium server, Android and iOS,
Please check https://github.com/appium/appium/blob/master/docs/en/writing-running-appium/server-args.md
| *Option*            | *Man.* | *Description*     |
| remote_url          | Yes    | Appium server url |
| alias               | no     | alias             |
| strict_ssl          | No     | allows you to send commands to an invalid certificate host like a self-signed one. |</doc>
<status status="PASS" starttime="20231205 23:50:58.455" endtime="20231205 23:51:04.218"/>
</kw>
<status status="PASS" starttime="20231205 23:50:58.455" endtime="20231205 23:51:04.218"/>
</kw>
<kw name="Click Sign In Button On Home Page" library="homePage">
<kw name="Click Element" library="AppiumLibrary">
<arg>${sign-in-button}</arg>
<doc>Click element identified by `locator`.</doc>
<msg timestamp="20231205 23:51:04.223" level="INFO">Clicking element '//*[@resource-id="com.example.myapplication:id/login"]'.</msg>
<msg timestamp="20231205 23:51:04.858" level="INFO">xpath criteria: //*[@resource-id="com.example.myapplication:id/login"]</msg>
<status status="PASS" starttime="20231205 23:51:04.220" endtime="20231205 23:51:04.858"/>
</kw>
<status status="PASS" starttime="20231205 23:51:04.219" endtime="20231205 23:51:04.858"/>
</kw>
<kw name="Input Username On Login Page" library="loginPage">
<arg>${VALID_USERNAME}</arg>
<kw name="Wait Until Element Is Visible" library="AppiumLibrary">
<arg>${username-input}</arg>
<doc>Waits until element specified with `locator` is visible.</doc>
<msg timestamp="20231205 23:51:05.536" level="INFO">xpath criteria: //*[@resource-id="com.example.myapplication:id/username"]
xpath criteria: //*[@resource-id="com.example.myapplication:id/username"]</msg>
<status status="PASS" starttime="20231205 23:51:04.859" endtime="20231205 23:51:05.536"/>
</kw>
<kw name="Input Text" library="AppiumLibrary">
<arg>${username-input}</arg>
<arg>${username}</arg>
<doc>Types the given `text` into text field identified by `locator`.</doc>
<msg timestamp="20231205 23:51:05.539" level="INFO">Typing text 'support@ngendigital.com' into text field '//*[@resource-id="com.example.myapplication:id/username"]'</msg>
<msg timestamp="20231205 23:51:05.608" level="INFO">xpath criteria: //*[@resource-id="com.example.myapplication:id/username"]</msg>
<status status="PASS" starttime="20231205 23:51:05.536" endtime="20231205 23:51:05.608"/>
</kw>
<status status="PASS" starttime="20231205 23:51:04.859" endtime="20231205 23:51:05.608"/>
</kw>
<kw name="Input Password On Login Page" library="loginPage">
<arg>${VALID_PASSWORD}</arg>
<kw name="Wait Until Element Is Visible" library="AppiumLibrary">
<arg>${password-input}</arg>
<doc>Waits until element specified with `locator` is visible.</doc>
<msg timestamp="20231205 23:51:06.188" level="INFO">xpath criteria: //*[@resource-id="com.example.myapplication:id/password"]</msg>
<status status="PASS" starttime="20231205 23:51:05.609" endtime="20231205 23:51:06.188"/>
</kw>
<kw name="Input Text" library="AppiumLibrary">
<arg>${password-input}</arg>
<arg>${password}</arg>
<doc>Types the given `text` into text field identified by `locator`.</doc>
<msg timestamp="20231205 23:51:06.192" level="INFO">Typing text 'abc123' into text field '//*[@resource-id="com.example.myapplication:id/password"]'</msg>
<msg timestamp="20231205 23:51:06.245" level="INFO">xpath criteria: //*[@resource-id="com.example.myapplication:id/password"]</msg>
<status status="PASS" starttime="20231205 23:51:06.189" endtime="20231205 23:51:06.245"/>
</kw>
<status status="PASS" starttime="20231205 23:51:05.608" endtime="20231205 23:51:06.245"/>
</kw>
<kw name="Click Sign In Button on Login Page" library="loginPage">
<kw name="Click Element" library="AppiumLibrary">
<arg>${log-in-button}</arg>
<doc>Click element identified by `locator`.</doc>
<msg timestamp="20231205 23:51:06.247" level="INFO">Clicking element '//*[@resource-id="com.example.myapplication:id/signIn"]'.</msg>
<msg timestamp="20231205 23:51:06.800" level="INFO">xpath criteria: //*[@resource-id="com.example.myapplication:id/signIn"]</msg>
<status status="PASS" starttime="20231205 23:51:06.245" endtime="20231205 23:51:06.800"/>
</kw>
<status status="PASS" starttime="20231205 23:51:06.245" endtime="20231205 23:51:06.800"/>
</kw>
<kw name="Click Booking Toolbar in Main menu" library="bookPage">
<kw name="Wait Until Page Contains Element" library="AppiumLibrary">
<arg>${book-menu}</arg>
<doc>Waits until element specified with `locator` appears on current page.</doc>
<msg timestamp="20231205 23:51:07.442" level="INFO">xpath criteria: //*[@resource-id="com.example.myapplication:id/book"]
xpath criteria: //*[@resource-id="com.example.myapplication:id/book"]</msg>
<status status="PASS" starttime="20231205 23:51:06.801" endtime="20231205 23:51:07.442"/>
</kw>
<kw name="Click Element" library="AppiumLibrary">
<arg>${book-menu}</arg>
<doc>Click element identified by `locator`.</doc>
<msg timestamp="20231205 23:51:07.445" level="INFO">Clicking element '//*[@resource-id="com.example.myapplication:id/book"]'.</msg>
<msg timestamp="20231205 23:51:07.507" level="INFO">xpath criteria: //*[@resource-id="com.example.myapplication:id/book"]</msg>
<status status="PASS" starttime="20231205 23:51:07.442" endtime="20231205 23:51:07.508"/>
</kw>
<status status="PASS" starttime="20231205 23:51:06.800" endtime="20231205 23:51:07.508"/>
</kw>
<kw name="Select Value From City in Spinner" library="bookPage">
<kw name="Wait Until Page Contains Element" library="AppiumLibrary">
<arg>${spinner1}</arg>
<doc>Waits until element specified with `locator` appears on current page.</doc>
<msg timestamp="20231205 23:51:08.710" level="INFO">criteria is com.example.myapplication:id/spinnerFrom
criteria is com.example.myapplication:id/spinnerFrom</msg>
<status status="PASS" starttime="20231205 23:51:07.508" endtime="20231205 23:51:08.711"/>
</kw>
<kw name="Click Element" library="AppiumLibrary">
<arg>${spinner1}</arg>
<doc>Click element identified by `locator`.</doc>
<msg timestamp="20231205 23:51:08.718" level="INFO">Clicking element 'id=com.example.myapplication:id/spinnerFrom'.</msg>
<msg timestamp="20231205 23:51:08.775" level="INFO">criteria is com.example.myapplication:id/spinnerFrom</msg>
<status status="PASS" starttime="20231205 23:51:08.712" endtime="20231205 23:51:08.775"/>
</kw>
<kw name="Wait Until Page Contains Element" library="AppiumLibrary">
<arg>${from-city}</arg>
<doc>Waits until element specified with `locator` appears on current page.</doc>
<msg timestamp="20231205 23:51:09.660" level="INFO">xpath criteria: //*[@resource-id="android:id/text1" and @text="Chicago"]
xpath criteria: //*[@resource-id="android:id/text1" and @text="Chicago"]</msg>
<status status="PASS" starttime="20231205 23:51:08.775" endtime="20231205 23:51:09.661"/>
</kw>
<kw name="Click Element" library="AppiumLibrary">
<arg>${from-city}</arg>
<doc>Click element identified by `locator`.</doc>
<msg timestamp="20231205 23:51:09.665" level="INFO">Clicking element '//*[@resource-id="android:id/text1" and @text="Chicago"]'.</msg>
<msg timestamp="20231205 23:51:10.386" level="INFO">xpath criteria: //*[@resource-id="android:id/text1" and @text="Chicago"]</msg>
<status status="PASS" starttime="20231205 23:51:09.661" endtime="20231205 23:51:10.386"/>
</kw>
<status status="PASS" starttime="20231205 23:51:07.508" endtime="20231205 23:51:10.387"/>
</kw>
<kw name="Select Value Seat Class" library="bookPage">
<kw name="Wait Until Page Contains Element" library="AppiumLibrary">
<arg>${spinner3}</arg>
<doc>Waits until element specified with `locator` appears on current page.</doc>
<msg timestamp="20231205 23:51:10.444" level="INFO">criteria is com.example.myapplication:id/spinnerClass</msg>
<status status="PASS" starttime="20231205 23:51:10.388" endtime="20231205 23:51:10.444"/>
</kw>
<kw name="Click Element" library="AppiumLibrary">
<arg>${spinner3}</arg>
<doc>Click element identified by `locator`.</doc>
<msg timestamp="20231205 23:51:10.447" level="INFO">Clicking element 'id=com.example.myapplication:id/spinnerClass'.</msg>
<msg timestamp="20231205 23:51:10.541" level="INFO">criteria is com.example.myapplication:id/spinnerClass</msg>
<status status="PASS" starttime="20231205 23:51:10.444" endtime="20231205 23:51:10.541"/>
</kw>
<kw name="Wait Until Page Contains Element" library="AppiumLibrary">
<arg>${seat-class}</arg>
<doc>Waits until element specified with `locator` appears on current page.</doc>
<msg timestamp="20231205 23:51:11.422" level="INFO">xpath criteria: //*[@resource-id="android:id/text1" and @text="First"]</msg>
<status status="PASS" starttime="20231205 23:51:10.541" endtime="20231205 23:51:11.422"/>
</kw>
<kw name="Click Element" library="AppiumLibrary">
<arg>${seat-class}</arg>
<doc>Click element identified by `locator`.</doc>
<msg timestamp="20231205 23:51:11.427" level="INFO">Clicking element '//*[@resource-id="android:id/text1" and @text="First"]'.</msg>
<msg timestamp="20231205 23:51:12.149" level="INFO">xpath criteria: //*[@resource-id="android:id/text1" and @text="First"]</msg>
<status status="PASS" starttime="20231205 23:51:11.423" endtime="20231205 23:51:12.149"/>
</kw>
<status status="PASS" starttime="20231205 23:51:10.388" endtime="20231205 23:51:12.149"/>
</kw>
<kw name="Select Value Start Date" library="bookPage">
<kw name="Wait Until Page Contains Element" library="AppiumLibrary">
<arg>${start-date}</arg>
<doc>Waits until element specified with `locator` appears on current page.</doc>
<msg timestamp="20231205 23:51:12.224" level="INFO">criteria is com.example.myapplication:id/textStartDate</msg>
<status status="PASS" starttime="20231205 23:51:12.150" endtime="20231205 23:51:12.224"/>
</kw>
<kw name="Click Element" library="AppiumLibrary">
<arg>${start-date}</arg>
<doc>Click element identified by `locator`.</doc>
<msg timestamp="20231205 23:51:12.228" level="INFO">Clicking element 'id=com.example.myapplication:id/textStartDate'.</msg>
<msg timestamp="20231205 23:51:12.293" level="INFO">criteria is com.example.myapplication:id/textStartDate</msg>
<status status="PASS" starttime="20231205 23:51:12.224" endtime="20231205 23:51:12.293"/>
</kw>
<kw name="Wait Until Page Contains Element" library="AppiumLibrary">
<arg>${set-start-date}</arg>
<doc>Waits until element specified with `locator` appears on current page.</doc>
<msg timestamp="20231205 23:51:12.957" level="INFO">xpath criteria: //*[@content-desc="06 August 2019"]
xpath criteria: //*[@content-desc="06 August 2019"]</msg>
<status status="PASS" starttime="20231205 23:51:12.293" endtime="20231205 23:51:12.958"/>
</kw>
<kw name="Click Element" library="AppiumLibrary">
<arg>${set-start-date}</arg>
<doc>Click element identified by `locator`.</doc>
<msg timestamp="20231205 23:51:12.960" level="INFO">Clicking element '//*[@content-desc="06 August 2019"]'.</msg>
<msg timestamp="20231205 23:51:13.643" level="INFO">xpath criteria: //*[@content-desc="06 August 2019"]</msg>
<status status="PASS" starttime="20231205 23:51:12.958" endtime="20231205 23:51:13.643"/>
</kw>
<kw name="Click Element" library="AppiumLibrary">
<arg>${OK-set-button}</arg>
<doc>Click element identified by `locator`.</doc>
<msg timestamp="20231205 23:51:13.645" level="INFO">Clicking element '//*[@resource-id="android:id/button1"]'.</msg>
<msg timestamp="20231205 23:51:13.742" level="INFO">xpath criteria: //*[@resource-id="android:id/button1"]</msg>
<status status="PASS" starttime="20231205 23:51:13.643" endtime="20231205 23:51:13.742"/>
</kw>
<status status="PASS" starttime="20231205 23:51:12.150" endtime="20231205 23:51:13.742"/>
</kw>
<kw name="Select Value End Date" library="bookPage">
<kw name="Wait Until Page Contains Element" library="AppiumLibrary">
<arg>${end-date}</arg>
<doc>Waits until element specified with `locator` appears on current page.</doc>
<msg timestamp="20231205 23:51:14.037" level="INFO">criteria is com.example.myapplication:id/textEndDate</msg>
<status status="PASS" starttime="20231205 23:51:13.742" endtime="20231205 23:51:14.038"/>
</kw>
<kw name="Click Element" library="AppiumLibrary">
<arg>${end-date}</arg>
<doc>Click element identified by `locator`.</doc>
<msg timestamp="20231205 23:51:14.042" level="INFO">Clicking element 'id=com.example.myapplication:id/textEndDate'.</msg>
<msg timestamp="20231205 23:51:14.373" level="INFO">criteria is com.example.myapplication:id/textEndDate</msg>
<status status="PASS" starttime="20231205 23:51:14.038" endtime="20231205 23:51:14.373"/>
</kw>
<kw name="Wait Until Page Contains Element" library="AppiumLibrary">
<arg>${set-end-date}</arg>
<doc>Waits until element specified with `locator` appears on current page.</doc>
<msg timestamp="20231205 23:51:14.984" level="INFO">xpath criteria: //*[@content-desc="31 August 2019"]</msg>
<status status="PASS" starttime="20231205 23:51:14.373" endtime="20231205 23:51:14.984"/>
</kw>
<kw name="Click Element" library="AppiumLibrary">
<arg>${set-end-date}</arg>
<doc>Click element identified by `locator`.</doc>
<msg timestamp="20231205 23:51:14.989" level="INFO">Clicking element '//*[@content-desc="31 August 2019"]'.</msg>
<msg timestamp="20231205 23:51:15.687" level="INFO">xpath criteria: //*[@content-desc="31 August 2019"]</msg>
<status status="PASS" starttime="20231205 23:51:14.984" endtime="20231205 23:51:15.687"/>
</kw>
<kw name="Click Element" library="AppiumLibrary">
<arg>${OK-set-button}</arg>
<doc>Click element identified by `locator`.</doc>
<msg timestamp="20231205 23:51:15.692" level="INFO">Clicking element '//*[@resource-id="android:id/button1"]'.</msg>
<msg timestamp="20231205 23:51:15.825" level="INFO">xpath criteria: //*[@resource-id="android:id/button1"]</msg>
<status status="PASS" starttime="20231205 23:51:15.687" endtime="20231205 23:51:15.825"/>
</kw>
<status status="PASS" starttime="20231205 23:51:13.742" endtime="20231205 23:51:15.825"/>
</kw>
<kw name="Select Value Additional" library="bookPage">
<kw name="Wait Until Page Contains Element" library="AppiumLibrary">
<arg>${check-additional}</arg>
<doc>Waits until element specified with `locator` appears on current page.</doc>
<msg timestamp="20231205 23:51:15.878" level="INFO">xpath criteria: //*[@resource-id="com.example.myapplication:id/radioButtonFlightHotel"]</msg>
<status status="PASS" starttime="20231205 23:51:15.826" endtime="20231205 23:51:15.878"/>
</kw>
<kw name="Click Element" library="AppiumLibrary">
<arg>${check-additional}</arg>
<doc>Click element identified by `locator`.</doc>
<msg timestamp="20231205 23:51:15.880" level="INFO">Clicking element '//*[@resource-id="com.example.myapplication:id/radioButtonFlightHotel"]'.</msg>
<msg timestamp="20231205 23:51:16.496" level="INFO">xpath criteria: //*[@resource-id="com.example.myapplication:id/radioButtonFlightHotel"]</msg>
<status status="PASS" starttime="20231205 23:51:15.878" endtime="20231205 23:51:16.496"/>
</kw>
<status status="PASS" starttime="20231205 23:51:15.825" endtime="20231205 23:51:16.496"/>
</kw>
<kw name="Click Book Button on Book Page" library="bookPage">
<kw name="Wait Until Page Contains Element" library="AppiumLibrary">
<arg>${book-button}</arg>
<doc>Waits until element specified with `locator` appears on current page.</doc>
<msg timestamp="20231205 23:51:17.128" level="INFO">xpath criteria: //*[@resource-id="com.example.myapplication:id/book_flight"]</msg>
<status status="PASS" starttime="20231205 23:51:16.496" endtime="20231205 23:51:17.128"/>
</kw>
<kw name="Click Element" library="AppiumLibrary">
<arg>${book-button}</arg>
<doc>Click element identified by `locator`.</doc>
<msg timestamp="20231205 23:51:17.133" level="INFO">Clicking element '//*[@resource-id="com.example.myapplication:id/book_flight"]'.</msg>
<msg timestamp="20231205 23:51:17.206" level="INFO">xpath criteria: //*[@resource-id="com.example.myapplication:id/book_flight"]</msg>
<status status="PASS" starttime="20231205 23:51:17.129" endtime="20231205 23:51:17.206"/>
</kw>
<status status="PASS" starttime="20231205 23:51:16.496" endtime="20231205 23:51:17.206"/>
</kw>
<kw name="Click Price and Date Available" library="bookPage">
<kw name="Wait Until Page Contains Element" library="AppiumLibrary">
<arg>${set-price}</arg>
<doc>Waits until element specified with `locator` appears on current page.</doc>
<msg timestamp="20231205 23:51:17.782" level="INFO">xpath criteria: //*[@resource-id="com.example.myapplication:id/price5"]
xpath criteria: //*[@resource-id="com.example.myapplication:id/price5"]</msg>
<status status="PASS" starttime="20231205 23:51:17.207" endtime="20231205 23:51:17.782"/>
</kw>
<kw name="Click Element" library="AppiumLibrary">
<arg>${set-price}</arg>
<doc>Click element identified by `locator`.</doc>
<msg timestamp="20231205 23:51:17.787" level="INFO">Clicking element '//*[@resource-id="com.example.myapplication:id/price5"]'.</msg>
<msg timestamp="20231205 23:51:17.857" level="INFO">xpath criteria: //*[@resource-id="com.example.myapplication:id/price5"]</msg>
<status status="PASS" starttime="20231205 23:51:17.782" endtime="20231205 23:51:17.857"/>
</kw>
<status status="PASS" starttime="20231205 23:51:17.206" endtime="20231205 23:51:17.857"/>
</kw>
<kw name="Click Button Confrim on Order Page" library="bookPage">
<kw name="Wait Until Page Contains Element" library="AppiumLibrary">
<arg>${confrim-button}</arg>
<doc>Waits until element specified with `locator` appears on current page.</doc>
<msg timestamp="20231205 23:51:18.479" level="INFO">xpath criteria: //*[@resource-id="com.example.myapplication:id/confirm_order"]</msg>
<status status="PASS" starttime="20231205 23:51:17.857" endtime="20231205 23:51:18.479"/>
</kw>
<kw name="Click Element" library="AppiumLibrary">
<arg>${confrim-button}</arg>
<doc>Click element identified by `locator`.</doc>
<msg timestamp="20231205 23:51:18.481" level="INFO">Clicking element '//*[@resource-id="com.example.myapplication:id/confirm_order"]'.</msg>
<msg timestamp="20231205 23:51:18.540" level="INFO">xpath criteria: //*[@resource-id="com.example.myapplication:id/confirm_order"]</msg>
<status status="PASS" starttime="20231205 23:51:18.479" endtime="20231205 23:51:18.540"/>
</kw>
<status status="PASS" starttime="20231205 23:51:17.857" endtime="20231205 23:51:18.540"/>
</kw>
<status status="PASS" starttime="20231205 23:50:58.454" endtime="20231205 23:51:18.541"/>
</test>
<status status="PASS" starttime="20231205 23:50:58.363" endtime="20231205 23:51:18.541"/>
</suite>
<suite id="s1-s2" name="Login" source="/Users/yudha/Documents/Belajar/QA/Bootcamp/Sanbercode/Quiz-Week4/BootcampQA-Sanbercode51/suites/login.robot">
<test id="s1-s2-t1" name="Login Valid Credential" line="15">
<kw name="Open Flight Application" library="base" type="SETUP">
<kw name="Open Application" library="AppiumLibrary">
<arg>remote_url=${REMORT_URL}</arg>
<arg>platformName=${PLATFORM_NAME}</arg>
<arg>platformVersion=${PLATFORM_VERSION}</arg>
<arg>deviceName=${DEVICE_NAME}</arg>
<arg>appPackage=${APP_PACKAGE}</arg>
<arg>appActivity=${APP_ACTIVITY}</arg>
<doc>Opens a new application to given Appium server.
Capabilities of appium server, Android and iOS,
Please check https://github.com/appium/appium/blob/master/docs/en/writing-running-appium/server-args.md
| *Option*            | *Man.* | *Description*     |
| remote_url          | Yes    | Appium server url |
| alias               | no     | alias             |
| strict_ssl          | No     | allows you to send commands to an invalid certificate host like a self-signed one. |</doc>
<status status="PASS" starttime="20231205 23:51:18.549" endtime="20231205 23:51:24.223"/>
</kw>
<status status="PASS" starttime="20231205 23:51:18.549" endtime="20231205 23:51:24.224"/>
</kw>
<kw name="Click Sign In Button On Home Page" library="homePage">
<kw name="Click Element" library="AppiumLibrary">
<arg>${sign-in-button}</arg>
<doc>Click element identified by `locator`.</doc>
<msg timestamp="20231205 23:51:24.227" level="INFO">Clicking element '//*[@resource-id="com.example.myapplication:id/login"]'.</msg>
<msg timestamp="20231205 23:51:25.256" level="INFO">xpath criteria: //*[@resource-id="com.example.myapplication:id/login"]</msg>
<status status="PASS" starttime="20231205 23:51:24.225" endtime="20231205 23:51:25.256"/>
</kw>
<status status="PASS" starttime="20231205 23:51:24.225" endtime="20231205 23:51:25.257"/>
</kw>
<kw name="Input Username On Login Page" library="loginPage">
<arg>${VALID_USERNAME}</arg>
<kw name="Wait Until Element Is Visible" library="AppiumLibrary">
<arg>${username-input}</arg>
<doc>Waits until element specified with `locator` is visible.</doc>
<msg timestamp="20231205 23:51:25.907" level="INFO">xpath criteria: //*[@resource-id="com.example.myapplication:id/username"]
xpath criteria: //*[@resource-id="com.example.myapplication:id/username"]</msg>
<status status="PASS" starttime="20231205 23:51:25.257" endtime="20231205 23:51:25.907"/>
</kw>
<kw name="Input Text" library="AppiumLibrary">
<arg>${username-input}</arg>
<arg>${username}</arg>
<doc>Types the given `text` into text field identified by `locator`.</doc>
<msg timestamp="20231205 23:51:25.910" level="INFO">Typing text 'support@ngendigital.com' into text field '//*[@resource-id="com.example.myapplication:id/username"]'</msg>
<msg timestamp="20231205 23:51:25.982" level="INFO">xpath criteria: //*[@resource-id="com.example.myapplication:id/username"]</msg>
<status status="PASS" starttime="20231205 23:51:25.908" endtime="20231205 23:51:25.982"/>
</kw>
<status status="PASS" starttime="20231205 23:51:25.257" endtime="20231205 23:51:25.982"/>
</kw>
<kw name="Input Password On Login Page" library="loginPage">
<arg>${VALID_PASSWORD}</arg>
<kw name="Wait Until Element Is Visible" library="AppiumLibrary">
<arg>${password-input}</arg>
<doc>Waits until element specified with `locator` is visible.</doc>
<msg timestamp="20231205 23:51:26.497" level="INFO">xpath criteria: //*[@resource-id="com.example.myapplication:id/password"]</msg>
<status status="PASS" starttime="20231205 23:51:25.983" endtime="20231205 23:51:26.497"/>
</kw>
<kw name="Input Text" library="AppiumLibrary">
<arg>${password-input}</arg>
<arg>${password}</arg>
<doc>Types the given `text` into text field identified by `locator`.</doc>
<msg timestamp="20231205 23:51:26.501" level="INFO">Typing text 'abc123' into text field '//*[@resource-id="com.example.myapplication:id/password"]'</msg>
<msg timestamp="20231205 23:51:26.573" level="INFO">xpath criteria: //*[@resource-id="com.example.myapplication:id/password"]</msg>
<status status="PASS" starttime="20231205 23:51:26.498" endtime="20231205 23:51:26.573"/>
</kw>
<status status="PASS" starttime="20231205 23:51:25.982" endtime="20231205 23:51:26.573"/>
</kw>
<kw name="Click Sign In Button on Login Page" library="loginPage">
<kw name="Click Element" library="AppiumLibrary">
<arg>${log-in-button}</arg>
<doc>Click element identified by `locator`.</doc>
<msg timestamp="20231205 23:51:26.576" level="INFO">Clicking element '//*[@resource-id="com.example.myapplication:id/signIn"]'.</msg>
<msg timestamp="20231205 23:51:27.315" level="INFO">xpath criteria: //*[@resource-id="com.example.myapplication:id/signIn"]</msg>
<status status="PASS" starttime="20231205 23:51:26.574" endtime="20231205 23:51:27.315"/>
</kw>
<status status="PASS" starttime="20231205 23:51:26.573" endtime="20231205 23:51:27.315"/>
</kw>
<kw name="Close Flight Application" library="base" type="TEARDOWN">
<kw name="Close Application" library="AppiumLibrary">
<doc>Closes the current application and also close webdriver session.</doc>
<status status="PASS" starttime="20231205 23:51:27.316" endtime="20231205 23:51:27.720"/>
</kw>
<status status="PASS" starttime="20231205 23:51:27.315" endtime="20231205 23:51:27.721"/>
</kw>
<status status="PASS" starttime="20231205 23:51:18.549" endtime="20231205 23:51:27.721"/>
</test>
<test id="s1-s2-t2" name="Login Invalid Credential" line="22">
<kw name="Open Flight Application" library="base" type="SETUP">
<kw name="Open Application" library="AppiumLibrary">
<arg>remote_url=${REMORT_URL}</arg>
<arg>platformName=${PLATFORM_NAME}</arg>
<arg>platformVersion=${PLATFORM_VERSION}</arg>
<arg>deviceName=${DEVICE_NAME}</arg>
<arg>appPackage=${APP_PACKAGE}</arg>
<arg>appActivity=${APP_ACTIVITY}</arg>
<doc>Opens a new application to given Appium server.
Capabilities of appium server, Android and iOS,
Please check https://github.com/appium/appium/blob/master/docs/en/writing-running-appium/server-args.md
| *Option*            | *Man.* | *Description*     |
| remote_url          | Yes    | Appium server url |
| alias               | no     | alias             |
| strict_ssl          | No     | allows you to send commands to an invalid certificate host like a self-signed one. |</doc>
<status status="PASS" starttime="20231205 23:51:27.724" endtime="20231205 23:51:32.124"/>
</kw>
<status status="PASS" starttime="20231205 23:51:27.724" endtime="20231205 23:51:32.124"/>
</kw>
<kw name="Click Sign In Button On Home Page" library="homePage">
<kw name="Click Element" library="AppiumLibrary">
<arg>${sign-in-button}</arg>
<doc>Click element identified by `locator`.</doc>
<msg timestamp="20231205 23:51:32.126" level="INFO">Clicking element '//*[@resource-id="com.example.myapplication:id/login"]'.</msg>
<msg timestamp="20231205 23:51:32.755" level="INFO">xpath criteria: //*[@resource-id="com.example.myapplication:id/login"]</msg>
<status status="PASS" starttime="20231205 23:51:32.125" endtime="20231205 23:51:32.755"/>
</kw>
<status status="PASS" starttime="20231205 23:51:32.124" endtime="20231205 23:51:32.755"/>
</kw>
<kw name="Input Username On Login Page" library="loginPage">
<arg>${INVALID_USERNAME}</arg>
<kw name="Wait Until Element Is Visible" library="AppiumLibrary">
<arg>${username-input}</arg>
<doc>Waits until element specified with `locator` is visible.</doc>
<msg timestamp="20231205 23:51:33.348" level="INFO">xpath criteria: //*[@resource-id="com.example.myapplication:id/username"]
xpath criteria: //*[@resource-id="com.example.myapplication:id/username"]</msg>
<status status="PASS" starttime="20231205 23:51:32.756" endtime="20231205 23:51:33.348"/>
</kw>
<kw name="Input Text" library="AppiumLibrary">
<arg>${username-input}</arg>
<arg>${username}</arg>
<doc>Types the given `text` into text field identified by `locator`.</doc>
<msg timestamp="20231205 23:51:33.349" level="INFO">Typing text 'Invalid' into text field '//*[@resource-id="com.example.myapplication:id/username"]'</msg>
<msg timestamp="20231205 23:51:33.380" level="INFO">xpath criteria: //*[@resource-id="com.example.myapplication:id/username"]</msg>
<status status="PASS" starttime="20231205 23:51:33.348" endtime="20231205 23:51:33.380"/>
</kw>
<status status="PASS" starttime="20231205 23:51:32.755" endtime="20231205 23:51:33.380"/>
</kw>
<kw name="Input Password On Login Page" library="loginPage">
<arg>${INVALID_PASSWORD}</arg>
<kw name="Wait Until Element Is Visible" library="AppiumLibrary">
<arg>${password-input}</arg>
<doc>Waits until element specified with `locator` is visible.</doc>
<msg timestamp="20231205 23:51:33.891" level="INFO">xpath criteria: //*[@resource-id="com.example.myapplication:id/password"]</msg>
<status status="PASS" starttime="20231205 23:51:33.381" endtime="20231205 23:51:33.891"/>
</kw>
<kw name="Input Text" library="AppiumLibrary">
<arg>${password-input}</arg>
<arg>${password}</arg>
<doc>Types the given `text` into text field identified by `locator`.</doc>
<msg timestamp="20231205 23:51:33.894" level="INFO">Typing text 'invalid' into text field '//*[@resource-id="com.example.myapplication:id/password"]'</msg>
<msg timestamp="20231205 23:51:33.963" level="INFO">xpath criteria: //*[@resource-id="com.example.myapplication:id/password"]</msg>
<status status="PASS" starttime="20231205 23:51:33.892" endtime="20231205 23:51:33.963"/>
</kw>
<status status="PASS" starttime="20231205 23:51:33.381" endtime="20231205 23:51:33.963"/>
</kw>
<kw name="Click Sign In Button on Login Page" library="loginPage">
<kw name="Click Element" library="AppiumLibrary">
<arg>${log-in-button}</arg>
<doc>Click element identified by `locator`.</doc>
<msg timestamp="20231205 23:51:33.968" level="INFO">Clicking element '//*[@resource-id="com.example.myapplication:id/signIn"]'.</msg>
<msg timestamp="20231205 23:51:34.575" level="INFO">xpath criteria: //*[@resource-id="com.example.myapplication:id/signIn"]</msg>
<status status="PASS" starttime="20231205 23:51:33.964" endtime="20231205 23:51:34.575"/>
</kw>
<status status="PASS" starttime="20231205 23:51:33.964" endtime="20231205 23:51:34.575"/>
</kw>
<kw name="Close Flight Application" library="base" type="TEARDOWN">
<kw name="Close Application" library="AppiumLibrary">
<doc>Closes the current application and also close webdriver session.</doc>
<status status="PASS" starttime="20231205 23:51:34.576" endtime="20231205 23:51:34.798"/>
</kw>
<status status="PASS" starttime="20231205 23:51:34.575" endtime="20231205 23:51:34.798"/>
</kw>
<status status="PASS" starttime="20231205 23:51:27.723" endtime="20231205 23:51:34.798"/>
</test>
<status status="PASS" starttime="20231205 23:51:18.542" endtime="20231205 23:51:34.799"/>
</suite>
<status status="PASS" starttime="20231205 23:50:58.356" endtime="20231205 23:51:34.800"/>
</suite>
<statistics>
<total>
<stat pass="3" fail="0" skip="0">All Tests</stat>
</total>
<tag>
</tag>
<suite>
<stat pass="3" fail="0" skip="0" id="s1" name="Suites">Suites</stat>
<stat pass="1" fail="0" skip="0" id="s1-s1" name="Book">Suites.Book</stat>
<stat pass="2" fail="0" skip="0" id="s1-s2" name="Login">Suites.Login</stat>
</suite>
</statistics>
<errors>
</errors>
</robot>
