<?xml version="1.0" encoding="UTF-8"?>
<robot generator="Robot 6.1.1 (Python 3.12.0 on darwin)" generated="20231205 13:29:33.143" rpa="false" schemaversion="4">
<suite id="s1" name="Book" source="/Users/yudha/Documents/Belajar/QA/Bootcamp/Sanbercode/Quiz-Week4/BootcampQA-Sanbercode51/suites/book.robot">
<test id="s1-t1" name="Booking One Way Flight" line="15">
<kw name="Open Flight Application" library="base">
<kw name="Open Application" library="AppiumLibrary">
<arg>remote_url=${REMORT_URL}</arg>
<arg>platformName=${PLATFORM_NAME}</arg>
<arg>platformVersion=${PLATFORM_VERSION}</arg>
<arg>deviceName=${DEVICE_NAME}</arg>
<arg>appPackage=${APP_PACKAGE}</arg>
<arg>appActivity=${APP_ACTIVITY}</arg>
<doc>Opens a new application to given Appium server.
Capabilities of appium server, Android and iOS,
Please check https://github.com/appium/appium/blob/master/docs/en/writing-running-appium/server-args.md
| *Option*            | *Man.* | *Description*     |
| remote_url          | Yes    | Appium server url |
| alias               | no     | alias             |
| strict_ssl          | No     | allows you to send commands to an invalid certificate host like a self-signed one. |</doc>
<status status="PASS" starttime="20231205 13:29:33.225" endtime="20231205 13:29:39.497"/>
</kw>
<status status="PASS" starttime="20231205 13:29:33.224" endtime="20231205 13:29:39.498"/>
</kw>
<kw name="Click Sign In Button On Home Page" library="homePage">
<kw name="Click Element" library="AppiumLibrary">
<arg>${sign-in-button}</arg>
<doc>Click element identified by `locator`.</doc>
<msg timestamp="20231205 13:29:39.505" level="INFO">Clicking element '//*[@resource-id="com.example.myapplication:id/login"]'.</msg>
<msg timestamp="20231205 13:29:40.107" level="INFO">xpath criteria: //*[@resource-id="com.example.myapplication:id/login"]</msg>
<status status="PASS" starttime="20231205 13:29:39.499" endtime="20231205 13:29:40.107"/>
</kw>
<status status="PASS" starttime="20231205 13:29:39.498" endtime="20231205 13:29:40.107"/>
</kw>
<kw name="Input Username On Login Page" library="loginPage">
<arg>${VALID_USERNAME}</arg>
<kw name="Wait Until Element Is Visible" library="AppiumLibrary">
<arg>${username-input}</arg>
<doc>Waits until element specified with `locator` is visible.</doc>
<msg timestamp="20231205 13:29:40.725" level="INFO">xpath criteria: //*[@resource-id="com.example.myapplication:id/username"]
xpath criteria: //*[@resource-id="com.example.myapplication:id/username"]</msg>
<status status="PASS" starttime="20231205 13:29:40.109" endtime="20231205 13:29:40.726"/>
</kw>
<kw name="Input Text" library="AppiumLibrary">
<arg>${username-input}</arg>
<arg>${username}</arg>
<doc>Types the given `text` into text field identified by `locator`.</doc>
<msg timestamp="20231205 13:29:40.728" level="INFO">Typing text 'support@ngendigital.com' into text field '//*[@resource-id="com.example.myapplication:id/username"]'</msg>
<msg timestamp="20231205 13:29:40.764" level="INFO">xpath criteria: //*[@resource-id="com.example.myapplication:id/username"]</msg>
<status status="PASS" starttime="20231205 13:29:40.726" endtime="20231205 13:29:40.764"/>
</kw>
<status status="PASS" starttime="20231205 13:29:40.108" endtime="20231205 13:29:40.764"/>
</kw>
<kw name="Input Password On Login Page" library="loginPage">
<arg>${VALID_PASSWORD}</arg>
<kw name="Wait Until Element Is Visible" library="AppiumLibrary">
<arg>${password-input}</arg>
<doc>Waits until element specified with `locator` is visible.</doc>
<msg timestamp="20231205 13:29:41.278" level="INFO">xpath criteria: //*[@resource-id="com.example.myapplication:id/password"]</msg>
<status status="PASS" starttime="20231205 13:29:40.764" endtime="20231205 13:29:41.278"/>
</kw>
<kw name="Input Text" library="AppiumLibrary">
<arg>${password-input}</arg>
<arg>${password}</arg>
<doc>Types the given `text` into text field identified by `locator`.</doc>
<msg timestamp="20231205 13:29:41.282" level="INFO">Typing text 'abc123' into text field '//*[@resource-id="com.example.myapplication:id/password"]'</msg>
<msg timestamp="20231205 13:29:41.375" level="INFO">xpath criteria: //*[@resource-id="com.example.myapplication:id/password"]</msg>
<status status="PASS" starttime="20231205 13:29:41.279" endtime="20231205 13:29:41.375"/>
</kw>
<status status="PASS" starttime="20231205 13:29:40.764" endtime="20231205 13:29:41.375"/>
</kw>
<kw name="Click Sign In Button on Login Page" library="loginPage">
<kw name="Click Element" library="AppiumLibrary">
<arg>${log-in-button}</arg>
<doc>Click element identified by `locator`.</doc>
<msg timestamp="20231205 13:29:41.376" level="INFO">Clicking element '//*[@resource-id="com.example.myapplication:id/signIn"]'.</msg>
<msg timestamp="20231205 13:29:41.927" level="INFO">xpath criteria: //*[@resource-id="com.example.myapplication:id/signIn"]</msg>
<status status="PASS" starttime="20231205 13:29:41.376" endtime="20231205 13:29:41.927"/>
</kw>
<status status="PASS" starttime="20231205 13:29:41.376" endtime="20231205 13:29:41.928"/>
</kw>
<kw name="Click Booking Toolbar in Main menu" library="bookPage">
<kw name="Wait Until Page Contains Element" library="AppiumLibrary">
<arg>${book-menu}</arg>
<doc>Waits until element specified with `locator` appears on current page.</doc>
<msg timestamp="20231205 13:29:42.526" level="INFO">xpath criteria: //*[@resource-id="com.example.myapplication:id/book"]
xpath criteria: //*[@resource-id="com.example.myapplication:id/book"]</msg>
<status status="PASS" starttime="20231205 13:29:41.928" endtime="20231205 13:29:42.527"/>
</kw>
<kw name="Click Element" library="AppiumLibrary">
<arg>${book-menu}</arg>
<doc>Click element identified by `locator`.</doc>
<msg timestamp="20231205 13:29:42.529" level="INFO">Clicking element '//*[@resource-id="com.example.myapplication:id/book"]'.</msg>
<msg timestamp="20231205 13:29:42.588" level="INFO">xpath criteria: //*[@resource-id="com.example.myapplication:id/book"]</msg>
<status status="PASS" starttime="20231205 13:29:42.527" endtime="20231205 13:29:42.589"/>
</kw>
<status status="PASS" starttime="20231205 13:29:41.928" endtime="20231205 13:29:42.589"/>
</kw>
<kw name="Select Value From City in Spinner" library="bookPage">
<kw name="Wait Until Page Contains Element" library="AppiumLibrary">
<arg>${spinner1}</arg>
<doc>Waits until element specified with `locator` appears on current page.</doc>
<msg timestamp="20231205 13:29:43.241" level="INFO">criteria is com.example.myapplication:id/spinnerFrom
criteria is com.example.myapplication:id/spinnerFrom</msg>
<status status="PASS" starttime="20231205 13:29:42.589" endtime="20231205 13:29:43.241"/>
</kw>
<kw name="Click Element" library="AppiumLibrary">
<arg>${spinner1}</arg>
<doc>Click element identified by `locator`.</doc>
<msg timestamp="20231205 13:29:43.243" level="INFO">Clicking element 'id=com.example.myapplication:id/spinnerFrom'.</msg>
<msg timestamp="20231205 13:29:43.306" level="INFO">criteria is com.example.myapplication:id/spinnerFrom</msg>
<status status="PASS" starttime="20231205 13:29:43.241" endtime="20231205 13:29:43.306"/>
</kw>
<kw name="Wait Until Page Contains Element" library="AppiumLibrary">
<arg>${from-city}</arg>
<doc>Waits until element specified with `locator` appears on current page.</doc>
<msg timestamp="20231205 13:29:44.388" level="INFO">xpath criteria: //*[@resource-id="android:id/text1" and @text="Chicago"]</msg>
<status status="PASS" starttime="20231205 13:29:43.306" endtime="20231205 13:29:44.388"/>
</kw>
<kw name="Click Element" library="AppiumLibrary">
<arg>${from-city}</arg>
<doc>Click element identified by `locator`.</doc>
<msg timestamp="20231205 13:29:44.393" level="INFO">Clicking element '//*[@resource-id="android:id/text1" and @text="Chicago"]'.</msg>
<msg timestamp="20231205 13:29:45.150" level="INFO">xpath criteria: //*[@resource-id="android:id/text1" and @text="Chicago"]</msg>
<status status="PASS" starttime="20231205 13:29:44.388" endtime="20231205 13:29:45.150"/>
</kw>
<status status="PASS" starttime="20231205 13:29:42.589" endtime="20231205 13:29:45.151"/>
</kw>
<kw name="Select Value Seat Class" library="bookPage">
<kw name="Wait Until Page Contains Element" library="AppiumLibrary">
<arg>${spinner3}</arg>
<doc>Waits until element specified with `locator` appears on current page.</doc>
<msg timestamp="20231205 13:29:45.208" level="INFO">criteria is com.example.myapplication:id/spinnerClass</msg>
<status status="PASS" starttime="20231205 13:29:45.152" endtime="20231205 13:29:45.208"/>
</kw>
<kw name="Click Element" library="AppiumLibrary">
<arg>${spinner3}</arg>
<doc>Click element identified by `locator`.</doc>
<msg timestamp="20231205 13:29:45.213" level="INFO">Clicking element 'id=com.example.myapplication:id/spinnerClass'.</msg>
<msg timestamp="20231205 13:29:45.290" level="INFO">criteria is com.example.myapplication:id/spinnerClass</msg>
<status status="PASS" starttime="20231205 13:29:45.209" endtime="20231205 13:29:45.290"/>
</kw>
<kw name="Wait Until Page Contains Element" library="AppiumLibrary">
<arg>${seat-class}</arg>
<doc>Waits until element specified with `locator` appears on current page.</doc>
<msg timestamp="20231205 13:29:46.149" level="INFO">xpath criteria: //*[@resource-id="android:id/text1" and @text="First"]
xpath criteria: //*[@resource-id="android:id/text1" and @text="First"]</msg>
<status status="PASS" starttime="20231205 13:29:45.290" endtime="20231205 13:29:46.149"/>
</kw>
<kw name="Click Element" library="AppiumLibrary">
<arg>${seat-class}</arg>
<doc>Click element identified by `locator`.</doc>
<msg timestamp="20231205 13:29:46.151" level="INFO">Clicking element '//*[@resource-id="android:id/text1" and @text="First"]'.</msg>
<msg timestamp="20231205 13:29:46.852" level="INFO">xpath criteria: //*[@resource-id="android:id/text1" and @text="First"]</msg>
<status status="PASS" starttime="20231205 13:29:46.149" endtime="20231205 13:29:46.852"/>
</kw>
<status status="PASS" starttime="20231205 13:29:45.151" endtime="20231205 13:29:46.852"/>
</kw>
<kw name="Select Value Start Date" library="bookPage">
<kw name="Wait Until Page Contains Element" library="AppiumLibrary">
<arg>${start-date}</arg>
<doc>Waits until element specified with `locator` appears on current page.</doc>
<msg timestamp="20231205 13:29:46.929" level="INFO">criteria is com.example.myapplication:id/textStartDate</msg>
<status status="PASS" starttime="20231205 13:29:46.853" endtime="20231205 13:29:46.929"/>
</kw>
<kw name="Click Element" library="AppiumLibrary">
<arg>${start-date}</arg>
<doc>Click element identified by `locator`.</doc>
<msg timestamp="20231205 13:29:46.934" level="INFO">Clicking element 'id=com.example.myapplication:id/textStartDate'.</msg>
<msg timestamp="20231205 13:29:47.037" level="INFO">criteria is com.example.myapplication:id/textStartDate</msg>
<status status="PASS" starttime="20231205 13:29:46.930" endtime="20231205 13:29:47.038"/>
</kw>
<kw name="Wait Until Page Contains Element" library="AppiumLibrary">
<arg>${set-start-date}</arg>
<doc>Waits until element specified with `locator` appears on current page.</doc>
<msg timestamp="20231205 13:29:47.664" level="INFO">xpath criteria: //*[@content-desc="06 August 2019"]
xpath criteria: //*[@content-desc="06 August 2019"]</msg>
<status status="PASS" starttime="20231205 13:29:47.038" endtime="20231205 13:29:47.664"/>
</kw>
<kw name="Click Element" library="AppiumLibrary">
<arg>${set-start-date}</arg>
<doc>Click element identified by `locator`.</doc>
<msg timestamp="20231205 13:29:47.667" level="INFO">Clicking element '//*[@content-desc="06 August 2019"]'.</msg>
<msg timestamp="20231205 13:29:48.333" level="INFO">xpath criteria: //*[@content-desc="06 August 2019"]</msg>
<status status="PASS" starttime="20231205 13:29:47.665" endtime="20231205 13:29:48.333"/>
</kw>
<kw name="Click Element" library="AppiumLibrary">
<arg>${OK-set-button}</arg>
<doc>Click element identified by `locator`.</doc>
<msg timestamp="20231205 13:29:48.338" level="INFO">Clicking element '//*[@resource-id="android:id/button1"]'.</msg>
<msg timestamp="20231205 13:29:48.471" level="INFO">xpath criteria: //*[@resource-id="android:id/button1"]</msg>
<status status="PASS" starttime="20231205 13:29:48.334" endtime="20231205 13:29:48.471"/>
</kw>
<status status="PASS" starttime="20231205 13:29:46.853" endtime="20231205 13:29:48.471"/>
</kw>
<kw name="Select Value End Date" library="bookPage">
<kw name="Wait Until Page Contains Element" library="AppiumLibrary">
<arg>${end-date}</arg>
<doc>Waits until element specified with `locator` appears on current page.</doc>
<msg timestamp="20231205 13:29:48.766" level="INFO">criteria is com.example.myapplication:id/textEndDate</msg>
<status status="PASS" starttime="20231205 13:29:48.472" endtime="20231205 13:29:48.766"/>
</kw>
<kw name="Click Element" library="AppiumLibrary">
<arg>${end-date}</arg>
<doc>Click element identified by `locator`.</doc>
<msg timestamp="20231205 13:29:48.769" level="INFO">Clicking element 'id=com.example.myapplication:id/textEndDate'.</msg>
<msg timestamp="20231205 13:29:49.104" level="INFO">criteria is com.example.myapplication:id/textEndDate</msg>
<status status="PASS" starttime="20231205 13:29:48.767" endtime="20231205 13:29:49.105"/>
</kw>
<kw name="Wait Until Page Contains Element" library="AppiumLibrary">
<arg>${set-end-date}</arg>
<doc>Waits until element specified with `locator` appears on current page.</doc>
<msg timestamp="20231205 13:29:49.424" level="INFO">xpath criteria: //*[@content-desc="31 August 2019"]</msg>
<status status="PASS" starttime="20231205 13:29:49.105" endtime="20231205 13:29:49.424"/>
</kw>
<kw name="Click Element" library="AppiumLibrary">
<arg>${set-end-date}</arg>
<doc>Click element identified by `locator`.</doc>
<msg timestamp="20231205 13:29:49.426" level="INFO">Clicking element '//*[@content-desc="31 August 2019"]'.</msg>
<msg timestamp="20231205 13:29:50.317" level="INFO">xpath criteria: //*[@content-desc="31 August 2019"]</msg>
<status status="PASS" starttime="20231205 13:29:49.424" endtime="20231205 13:29:50.317"/>
</kw>
<kw name="Click Element" library="AppiumLibrary">
<arg>${OK-set-button}</arg>
<doc>Click element identified by `locator`.</doc>
<msg timestamp="20231205 13:29:50.322" level="INFO">Clicking element '//*[@resource-id="android:id/button1"]'.</msg>
<msg timestamp="20231205 13:29:50.455" level="INFO">xpath criteria: //*[@resource-id="android:id/button1"]</msg>
<status status="PASS" starttime="20231205 13:29:50.318" endtime="20231205 13:29:50.455"/>
</kw>
<status status="PASS" starttime="20231205 13:29:48.471" endtime="20231205 13:29:50.455"/>
</kw>
<kw name="Select Value Additional" library="bookPage">
<kw name="Wait Until Page Contains Element" library="AppiumLibrary">
<arg>${check-additional}</arg>
<doc>Waits until element specified with `locator` appears on current page.</doc>
<msg timestamp="20231205 13:29:50.743" level="INFO">xpath criteria: //*[@resource-id="com.example.myapplication:id/radioButtonFlightHotel"]</msg>
<status status="PASS" starttime="20231205 13:29:50.455" endtime="20231205 13:29:50.743"/>
</kw>
<kw name="Click Element" library="AppiumLibrary">
<arg>${check-additional}</arg>
<doc>Click element identified by `locator`.</doc>
<msg timestamp="20231205 13:29:50.745" level="INFO">Clicking element '//*[@resource-id="com.example.myapplication:id/radioButtonFlightHotel"]'.</msg>
<msg timestamp="20231205 13:29:51.103" level="INFO">xpath criteria: //*[@resource-id="com.example.myapplication:id/radioButtonFlightHotel"]</msg>
<status status="PASS" starttime="20231205 13:29:50.743" endtime="20231205 13:29:51.103"/>
</kw>
<status status="PASS" starttime="20231205 13:29:50.455" endtime="20231205 13:29:51.103"/>
</kw>
<kw name="Click Book Button on Book Page" library="bookPage">
<kw name="Wait Until Page Contains Element" library="AppiumLibrary">
<arg>${book-button}</arg>
<doc>Waits until element specified with `locator` appears on current page.</doc>
<msg timestamp="20231205 13:29:51.143" level="INFO">xpath criteria: //*[@resource-id="com.example.myapplication:id/book_flight"]</msg>
<status status="PASS" starttime="20231205 13:29:51.103" endtime="20231205 13:29:51.143"/>
</kw>
<kw name="Click Element" library="AppiumLibrary">
<arg>${book-button}</arg>
<doc>Click element identified by `locator`.</doc>
<msg timestamp="20231205 13:29:51.146" level="INFO">Clicking element '//*[@resource-id="com.example.myapplication:id/book_flight"]'.</msg>
<msg timestamp="20231205 13:29:51.789" level="INFO">xpath criteria: //*[@resource-id="com.example.myapplication:id/book_flight"]</msg>
<status status="PASS" starttime="20231205 13:29:51.144" endtime="20231205 13:29:51.789"/>
</kw>
<status status="PASS" starttime="20231205 13:29:51.103" endtime="20231205 13:29:51.789"/>
</kw>
<kw name="Click Price and Date Available" library="bookPage">
<kw name="Wait Until Page Contains Element" library="AppiumLibrary">
<arg>${set-price}</arg>
<doc>Waits until element specified with `locator` appears on current page.</doc>
<msg timestamp="20231205 13:29:52.384" level="INFO">xpath criteria: //*[@resource-id="com.example.myapplication:id/price5"]
xpath criteria: //*[@resource-id="com.example.myapplication:id/price5"]</msg>
<status status="PASS" starttime="20231205 13:29:51.790" endtime="20231205 13:29:52.384"/>
</kw>
<kw name="Click Element" library="AppiumLibrary">
<arg>${set-price}</arg>
<doc>Click element identified by `locator`.</doc>
<msg timestamp="20231205 13:29:52.388" level="INFO">Clicking element '//*[@resource-id="com.example.myapplication:id/price5"]'.</msg>
<msg timestamp="20231205 13:29:52.457" level="INFO">xpath criteria: //*[@resource-id="com.example.myapplication:id/price5"]</msg>
<status status="PASS" starttime="20231205 13:29:52.385" endtime="20231205 13:29:52.458"/>
</kw>
<status status="PASS" starttime="20231205 13:29:51.790" endtime="20231205 13:29:52.458"/>
</kw>
<kw name="Click Button Confrim on Order Page" library="bookPage">
<kw name="Wait Until Page Contains Element" library="AppiumLibrary">
<arg>${confrim-button}</arg>
<doc>Waits until element specified with `locator` appears on current page.</doc>
<msg timestamp="20231205 13:29:53.096" level="INFO">xpath criteria: //*[@resource-id="com.example.myapplication:id/confirm_order"]</msg>
<status status="PASS" starttime="20231205 13:29:52.458" endtime="20231205 13:29:53.096"/>
</kw>
<kw name="Click Element" library="AppiumLibrary">
<arg>${confrim-button}</arg>
<doc>Click element identified by `locator`.</doc>
<msg timestamp="20231205 13:29:53.101" level="INFO">Clicking element '//*[@resource-id="com.example.myapplication:id/confirm_order"]'.</msg>
<msg timestamp="20231205 13:29:53.187" level="INFO">xpath criteria: //*[@resource-id="com.example.myapplication:id/confirm_order"]</msg>
<status status="PASS" starttime="20231205 13:29:53.096" endtime="20231205 13:29:53.187"/>
</kw>
<status status="PASS" starttime="20231205 13:29:52.458" endtime="20231205 13:29:53.188"/>
</kw>
<status status="PASS" starttime="20231205 13:29:33.224" endtime="20231205 13:29:53.188"/>
</test>
<status status="PASS" starttime="20231205 13:29:33.143" endtime="20231205 13:29:53.189"/>
</suite>
<statistics>
<total>
<stat pass="1" fail="0" skip="0">All Tests</stat>
</total>
<tag>
</tag>
<suite>
<stat pass="1" fail="0" skip="0" id="s1" name="Book">Book</stat>
</suite>
</statistics>
<errors>
</errors>
</robot>
